0 info it worked if it ends with ok
1 verbose cli [ '/usr/bin/node', '/usr/bin/npm', 'run', 'dev:electron' ]
2 info using npm@3.5.2
3 info using node@v8.10.0
4 verbose run-script [ 'predev:electron', 'dev:electron', 'postdev:electron' ]
5 info lifecycle GallagherIntegrationJs@1.0.0~predev:electron: GallagherIntegrationJs@1.0.0
6 silly lifecycle GallagherIntegrationJs@1.0.0~predev:electron: no script for predev:electron, continuing
7 info lifecycle GallagherIntegrationJs@1.0.0~dev:electron: GallagherIntegrationJs@1.0.0
8 verbose lifecycle GallagherIntegrationJs@1.0.0~dev:electron: unsafe-perm in lifecycle true
9 verbose lifecycle GallagherIntegrationJs@1.0.0~dev:electron: PATH: /usr/share/npm/bin/node-gyp-bin:/home/joro/Desktop/Programming/Work/RodeoDe/node_modules/.bin:/usr/local/sbin:/usr/local/bin:/usr/sbin:/usr/bin:/sbin:/bin:/snap/bin
10 verbose lifecycle GallagherIntegrationJs@1.0.0~dev:electron: CWD: /home/joro/Desktop/Programming/Work/RodeoDe
11 silly lifecycle GallagherIntegrationJs@1.0.0~dev:electron: Args: [ '-c',
11 silly lifecycle   'cross-env NODE_ENV=development webpack --config webpack.electron.config.js --mode development && electron --no-sandbox  .' ]
12 silly lifecycle GallagherIntegrationJs@1.0.0~dev:electron: Returned: code: 2  signal: null
13 info lifecycle GallagherIntegrationJs@1.0.0~dev:electron: Failed to exec dev:electron script
14 verbose stack Error: GallagherIntegrationJs@1.0.0 dev:electron: `cross-env NODE_ENV=development webpack --config webpack.electron.config.js --mode development && electron --no-sandbox  .`
14 verbose stack Exit status 2
14 verbose stack     at EventEmitter.<anonymous> (/usr/share/npm/lib/utils/lifecycle.js:232:16)
14 verbose stack     at emitTwo (events.js:126:13)
14 verbose stack     at EventEmitter.emit (events.js:214:7)
14 verbose stack     at ChildProcess.<anonymous> (/usr/share/npm/lib/utils/spawn.js:24:14)
14 verbose stack     at emitTwo (events.js:126:13)
14 verbose stack     at ChildProcess.emit (events.js:214:7)
14 verbose stack     at maybeClose (internal/child_process.js:925:16)
14 verbose stack     at Process.ChildProcess._handle.onexit (internal/child_process.js:209:5)
15 verbose pkgid GallagherIntegrationJs@1.0.0
16 verbose cwd /home/joro/Desktop/Programming/Work/RodeoDe
17 error Linux 5.3.0-42-generic
18 error argv "/usr/bin/node" "/usr/bin/npm" "run" "dev:electron"
19 error node v8.10.0
20 error npm  v3.5.2
21 error code ELIFECYCLE
22 error GallagherIntegrationJs@1.0.0 dev:electron: `cross-env NODE_ENV=development webpack --config webpack.electron.config.js --mode development && electron --no-sandbox  .`
22 error Exit status 2
23 error Failed at the GallagherIntegrationJs@1.0.0 dev:electron script 'cross-env NODE_ENV=development webpack --config webpack.electron.config.js --mode development && electron --no-sandbox  .'.
23 error Make sure you have the latest version of node.js and npm installed.
23 error If you do, this is most likely a problem with the GallagherIntegrationJs package,
23 error not with npm itself.
23 error Tell the author that this fails on your system:
23 error     cross-env NODE_ENV=development webpack --config webpack.electron.config.js --mode development && electron --no-sandbox  .
23 error You can get information on how to open an issue for this project with:
23 error     npm bugs GallagherIntegrationJs
23 error Or if that isn't available, you can get their info via:
23 error     npm owner ls GallagherIntegrationJs
23 error There is likely additional logging output above.
24 verbose exit [ 1, true ]
